# 조회 쿼리 성능 개선

- 서비스에서 실행되는 조회 쿼리를 수집하고, 성능 개선이 필요한 쿼리를 분석하여 최적화하는 것을 목표로 합니다.
- 어느정도 개선되었는지 정확한 지표를 추출하기 위하여, 독립적인 데이터베이스를 통해 전/후 비교분석을 합니다.
- 비교분석:
  - 모든 테이블에 더미데이터 1000만 건 삽입
  - `Explain`을 통한 쿼리 실행 계획 검토
  - 속도 측정: 각각의 독립적인 데이터베이스에서 개선 전/후 쿼리 수행 속도를 비교

## 분석 환경
- OS: macOS 15.1 24B83 arm64
- MySQL 9.2.0

## 데이터 삽입 SQL
```sql
-- 높은 재귀(반복) 횟수를 허용하도록 설정
SET SESSION cte_max_recursion_depth = 10000000;

-- payment 테이블에 더미 데이터 삽입
INSERT INTO payment (id, user_id, reservation_id, amount, created_at, updated_at)
WITH RECURSIVE cte (n) AS
   (
       SELECT 1
       UNION ALL
       SELECT n + 1 FROM cte WHERE n < 10000000 -- 생성하고 싶은 더미 데이터의 개수
   )
SELECT
    CONCAT('ID', LPAD(n, 8, '0')) AS id, -- 'ID' 다음에 8자리 숫자로 구성된 문자열 생성
    CONCAT('ID', LPAD(n, 8, '0')) AS user_id, -- 'ID' 다음에 8자리 숫자로 구성된 문자열 생성
    CONCAT('ID', LPAD(n, 8, '0')) AS reservation_id, -- 'ID' 다음에 8자리 숫자로 구성된 문자열 생성
    CAST(1000 + (RAND() * (100000 - 1000)) AS UNSIGNED) AS amount, -- 1000부터 100000 사이의 랜덤 정수를 생성
    FROM_UNIXTIME(UNIX_TIMESTAMP(NOW()) - FLOOR(RAND() * 31536000)) AS created_at, -- 현재 시간에서 최대 1년(31,536,000초) 내의 랜덤한 과거 시점을 생성
    FROM_UNIXTIME(UNIX_TIMESTAMP(NOW()) - FLOOR(RAND() * 31536000)) AS updated_at -- 현재 시간에서 최대 1년(31,536,000초) 내의 랜덤한 과거 시점을 생성
FROM cte;

-- reservation 테이블에 더미 데이터 삽입
INSERT INTO reservation (id, seat_id, user_id, pay_amount, status, created_at, updated_at)
WITH RECURSIVE cte (n) AS
   (
     SELECT 1
     UNION ALL
     SELECT n + 1 FROM cte WHERE n < 10000000 -- 생성하고 싶은 더미 데이터의 개수
   )
SELECT
  CONCAT('ID', LPAD(n, 8, '0')) AS id, -- 'ID' 다음에 8자리 숫자로 구성된 문자열 생성
  CONCAT('ID', LPAD(n, 8, '0')) AS seat_id, -- 'ID' 다음에 8자리 숫자로 구성된 문자열 생성
  CONCAT('ID', LPAD(n, 8, '0')) AS user_id, -- 'ID' 다음에 8자리 숫자로 구성된 문자열 생성
  CAST(1000 + (RAND() * (100000 - 1000)) AS UNSIGNED) AS pay_amount, -- 1000부터 100000 사이의 랜덤 정수를 생성
  ELT(FLOOR(RAND() * 3) + 1, 'PENDING', 'COMPLETED', 'CANCEL') AS status, -- 'PENDING', 'COMPLETED', 'CANCEL' 중 랜덤 값 선택
  FROM_UNIXTIME(UNIX_TIMESTAMP(NOW()) - FLOOR(RAND() * 31536000)) AS created_at, -- 현재 시간에서 최대 1년(31,536,000초) 내의 랜덤한 과거 시점을 생성
  FROM_UNIXTIME(UNIX_TIMESTAMP(NOW()) - FLOOR(RAND() * 31536000)) AS updated_at -- -- 현재 시간에서 최대 1년(31,536,000초) 내의 랜덤한 과거 시점을 생성
FROM cte;

-- balance 테이블에 더미 데이터 삽입
INSERT INTO balance (id, user_id, balance, created_at, updated_at)
WITH RECURSIVE cte (n) AS
   (
     SELECT 1
     UNION ALL
     SELECT n + 1 FROM cte WHERE n < 10000000 -- 생성하고 싶은 더미 데이터의 개수
   )
SELECT
  CONCAT('ID', LPAD(n, 8, '0')) AS id, -- 'ID' 다음에 8자리 숫자로 구성된 문자열 생성
  CONCAT('ID', LPAD(n, 8, '0')) AS user_id, -- 'ID' 다음에 8자리 숫자로 구성된 문자열 생성
  CAST(1000 + (RAND() * (100000 - 1000)) AS UNSIGNED) AS balance, -- 1000부터 100000 사이의 랜덤 정수를 생성
  FROM_UNIXTIME(UNIX_TIMESTAMP(NOW()) - FLOOR(RAND() * 31536000)) AS created_at, -- 현재 시간에서 최대 1년(31,536,000초) 내의 랜덤한 과거 시점을 생성
  FROM_UNIXTIME(UNIX_TIMESTAMP(NOW()) - FLOOR(RAND() * 31536000)) AS updated_at -- 현재 시간에서 최대 1년(31,536,000초) 내의 랜덤한 과거 시점을 생성
FROM cte;

-- seat 테이블에 더미 데이터 삽입
INSERT INTO seat (id, concert_schedule_id, number, created_at, updated_at)
WITH RECURSIVE cte (n) AS
   (
     SELECT 1
     UNION ALL
     SELECT n + 1 FROM cte WHERE n < 10000000 -- 생성하고 싶은 더미 데이터의 개수
   )
SELECT
  CONCAT('ID', LPAD(n, 8, '0')) AS id, -- 'ID' 다음에 8자리 숫자로 구성된 문자열 생성
  CONCAT('ID', LPAD(n, 8, '0')) AS concert_schedule_id, -- 'ID' 다음에 8자리 숫자로 구성된 문자열 생성
  MOD(n, 50) AS number, -- n(반복횟수)를 50으로 나눈 나머지 값
  FROM_UNIXTIME(UNIX_TIMESTAMP(NOW()) - FLOOR(RAND() * 31536000)) AS created_at, -- 현재 시간에서 최대 1년(31,536,000초) 내의 랜덤한 과거 시점을 생성
  FROM_UNIXTIME(UNIX_TIMESTAMP(NOW()) - FLOOR(RAND() * 31536000)) AS updated_at -- 현재 시간에서 최대 1년(31,536,000초) 내의 랜덤한 과거 시점을 생성
FROM cte;

-- concert_schedule 테이블에 더미 데이터 삽입
INSERT INTO concert_schedule (id, location, concert_id, concert_at, created_at, updated_at)
WITH RECURSIVE cte (n) AS
   (
     SELECT 1
     UNION ALL
     SELECT n + 1 FROM cte WHERE n < 10000000 -- 생성하고 싶은 더미 데이터의 개수
   )
SELECT
  CONCAT('ID', LPAD(n, 8, '0')) AS id, -- 'ID' 다음에 8자리 숫자로 구성된 문자열 생성
  CONCAT('Location', LPAD(n, 8, '0')) AS location, -- 'Location' 다음에 8자리 숫자로 구성된 문자열 생성
  CONCAT('ID', LPAD(n, 8, '0')) AS concert_id, -- 'ID' 다음에 8자리 숫자로 구성된 문자열 생성
  FROM_UNIXTIME(UNIX_TIMESTAMP(NOW()) + FLOOR(RAND() * 2 * 31536000) - 31536000) AS concert_at, -- 과거 1년 ~ 미래 1년 사이의 랜덤한 날짜 생성
  FROM_UNIXTIME(UNIX_TIMESTAMP(NOW()) - FLOOR(RAND() * 31536000)) AS created_at, -- 현재 시간에서 최대 1년(31,536,000초) 내의 랜덤한 과거 시점을 생성
  FROM_UNIXTIME(UNIX_TIMESTAMP(NOW()) - FLOOR(RAND() * 31536000)) AS updated_at -- 현재 시간에서 최대 1년(31,536,000초) 내의 랜덤한 과거 시점을 생성
FROM cte;

-- concert 테이블에 더미 데이터 삽입
INSERT INTO concert (id, title, price, created_at, updated_at)
WITH RECURSIVE cte (n) AS
   (
     SELECT 1
     UNION ALL
     SELECT n + 1 FROM cte WHERE n < 10000000 -- 생성하고 싶은 더미 데이터의 개수
   )
SELECT
  CONCAT('ID', LPAD(n, 8, '0')) AS id, -- 'ID' 다음에 8자리 숫자로 구성된 문자열 생성
  CONCAT('Title', LPAD(n, 8, '0')) AS title, -- 'Title' 다음에 8자리 숫자로 구성된 문자열 생성
  CAST(1000 + (RAND() * (100000 - 1000)) AS UNSIGNED) AS price, -- 1000부터 100000 사이의 랜덤 정수를 생성
  FROM_UNIXTIME(UNIX_TIMESTAMP(NOW()) - FLOOR(RAND() * 31536000)) AS created_at, -- 현재 시간에서 최대 1년(31,536,000초) 내의 랜덤한 과거 시점을 생성
  FROM_UNIXTIME(UNIX_TIMESTAMP(NOW()) - FLOOR(RAND() * 31536000)) AS updated_at -- 현재 시간에서 최대 1년(31,536,000초) 내의 랜덤한 과거 시점을 생성
FROM cte;
```

## 유저 ID에 해당하는 잔고 조회

### 발생 쿼리

```sql
select 
    be1_0.id,
    be1_0.balance,
    be1_0.created_at,
    be1_0.updated_at,
    be1_0.user_id
from 
    balance be1_0
where 
    be1_0.user_id = ?
```

### 개선 사항
`balance` 테이블에 `user_id` 컬럼 유니크 제약조건 추가(Secondary Index)

```sql
alter table 
    balance
add constraint 
    balance_unique_1
unique 
    (user_id);
```

### 비교분석
**실행 계획**
```sql
explain select be1_0.id,
       be1_0.balance,
       be1_0.created_at,
       be1_0.updated_at,
       be1_0.user_id
from balance be1_0
where be1_0.user_id = 'ID00000023';
```

**속도 측정**
```sql
explain analyze 
    select 
        be1_0.id,
        be1_0.balance,
        be1_0.created_at,
        be1_0.updated_at,
        be1_0.user_id
    from 
        balance be1_0
    where 
        be1_0.user_id = 'ID00000023';
```

**To-Be**

|      항목       |      값      |
|:-------------:|:-----------:|
|      id       |      1      |
|  select_type  |   SIMPLE    |
|     table     |    be1_0    |
|  partitions   |    null     |
|     type      |     ALL     |
| possible_keys |    null     |
|      key      |    null     |
|    key_len    |    null     |
|      ref      |    null     |
|     rows      |   9711119   |
|   filtered    |     10      |
|     Extra     | Using where |

```
-> Filter: (be1_0.user_id = 'ID00000023')  (cost=1e+6 rows=971112) (actual time=2.78..1788 rows=1 loops=1)
  -> Table scan on be1_0  (cost=1e+6 rows=9.71e+6) (actual time=2.69..1454 rows=10e+6 loops=1)
```

- Filter: (be1_0.user_id = 'ID00000023')
- 조건을 적용했지만, 인덱스를 사용하지 않아서 전체 테이블을 스캔해야 함
- Table scan on be1_0 -> be1_0 테이블을 전부 검색하는 방식 (Full Table Scan)
- rows=9.71e+6 → 약 971만 개의 행을 전부 읽고 필터링
- 실행 시간 (actual time=2.69..1454)
- 시작 시간 2.69ms, 종료 시간 1454ms → 약 1.45초 소요
- 이는 데이터 양이 많을수록 더 느려질 가능성이 큼

**As-Is**

|      항목       |        값        |
|:-------------:|:----------------:|
|      id       |        1         |
|  select_type  |      SIMPLE      |
|     table     |      be1_0       |
|  partitions   |       null       |
|     type      |      const       |
| possible_keys | balance_unique_1 |
|      key      | balance_unique_1 |
|    key_len    |        54        |
|      ref      |      const       |
|     rows      |        1         |
|   filtered    |       100        |
|     Extra     |       null       |

```
-> Rows fetched before execution  (cost=0..0 rows=1) (actual time=167e-6..167e-6 rows=1 loops=1)
```
- type=const → PK 또는 UNIQUE INDEX를 사용
- rows=1 → 인덱스를 통해 정확한 1건만 조회
- actual time=167e-6..167e-6 → 거의 즉시 실행되는 수준의 성능

### 결론
- user_id 컬럼에 적절한 인덱스(balance_unique_1)를 추가하면서 성능 향상
- 기존에는 전체 테이블을 스캔해야 해서 약 1.45초가 걸렸지만 인덱스를 적용한 후에는 167ms로 실행 속도가 약 10,000배 향상
- type=const로 바뀌면서 UNIQUE 인덱스를 사용해 최적화됨


## 예약 가능한 콘서트 일정 목록 조회

## 발생 쿼리
```sql
select
    cse1_0.id,
    cse1_0.concert_at,
    cse1_0.concert_id,
    cse1_0.created_at,
    cse1_0.location,
    cse1_0.updated_at 
from
    concert_schedule cse1_0 
where
    cse1_0.concert_id=? 
    and cse1_0.concert_at>?
```

### 개선 사항
1. `concert_schedule` 테이블 ``
```sql
create index 
    idx_concert_schedule_concert_id_at
on 
    concert_schedule (concert_id, concert_at);
```

### 비교분석
**실행 계획**
```sql
explain select
    cse1_0.id,
    cse1_0.concert_at,
    cse1_0.concert_id,
    cse1_0.created_at,
    cse1_0.location,
    cse1_0.updated_at
from
    concert_schedule cse1_0
where
    cse1_0.concert_id='ID00000010'
  and cse1_0.concert_at>'2024-12-12 00:00:00'
```

**속도 측정**
```sql
explain analyze select
    cse1_0.id,
    cse1_0.concert_at,
    cse1_0.concert_id,
    cse1_0.created_at,
    cse1_0.location,
    cse1_0.updated_at
from
    concert_schedule cse1_0
where
    cse1_0.concert_id='ID00000010'
  and cse1_0.concert_at>'2024-12-12 00:00:00'
```

**To-Be**

|      항목       |      값      |
|:-------------:|:-----------:|
|      id       |      1      |
|  select_type  |   SIMPLE    |
|     table     |   cse1_0    |
|  partitions   |    null     |
|     type      |     ALL     |
| possible_keys |    null     |
|      key      |    null     |
|    key_len    |    null     |
|      ref      |    null     |
|     rows      |   9951698   |
|   filtered    |    3.33     |
|     Extra     | Using where |

```
-> Filter: ((cse1_0.concert_id = 'ID00000010') and (cse1_0.concert_at > TIMESTAMP'2024-12-12 00:00:00'))  (cost=1.04e+6 rows=331690) (actual time=6.11..3403 rows=1 loops=1)
    -> Table scan on cse1_0  (cost=1.04e+6 rows=9.95e+6) (actual time=5.87..3029 rows=10e+6 loops=1)
```

- type=ALL → Full Table Scan 발생
- rows=9,951,698 → 전체 데이터 검색
- possible_keys=null → 사용 가능한 인덱스 없음
- key = null → 적용된 인덱스 없음
- 실행 시간: 약 3.4초

**As-Is**

|      항목       |                 값                  |
|:-------------:|:----------------------------------:|
|      id       |                 1                  |
|  select_type  |               SIMPLE               |
|     table     |               cse1_0               |
|  partitions   |                null                |
|     type      |               range                |
| possible_keys | idx_concert_schedule_concert_id_at |
|      key      | idx_concert_schedule_concert_id_at |
|    key_len    |                 58                 |
|      ref      |                null                |
|     rows      |                 1                  |
|   filtered    |                100                 |
|     Extra     |       Using index condition        |

```
-> Index range scan on cse1_0 using idx_concert_schedule_concert_id_at over (concert_id = 'ID00000010' AND '2024-12-12 00:00:00' < concert_at), with index condition: ((cse1_0.concert_id = 'ID00000010') and (cse1_0.concert_at > TIMESTAMP'2024-12-12 00:00:00'))  (cost=2.09 rows=1) (actual time=0.183..0.188 rows=1 loops=1)
```

### 결론
- type=ALL → type=range
  - 기존 To-Be 상태에서는 **테이블 전체를 검색(Full Table Scan)**해야 했음.
  - 현재는 **인덱스 범위 검색(Index Range Scan)**으로 필요한 데이터만 조회 → 비교할 데이터 수가 급감.
- possible_keys → idx_concert_schedule_concert_id_at 사용
  - 사용할 수 있는 인덱스 없음 (possible_keys=null).
  - idx_concert_schedule_concert_id_at 인덱스를 사용하여 필요한 행만 조회.
- Extra 항목 개선
  - Using index condition 적용 → 인덱스를 이용해 조건 필터링.
  - 불필요한 데이터 로드 감소 → 디스크 I/O 절감 → 성능 향상.

## 콘서트 일정 ID에 해당하는 좌석 목록 조회

### 발생 쿼리
```sql
select
    se1_0.id,
    se1_0.concert_schedule_id,
    se1_0.created_at,
    se1_0.number,
    se1_0.updated_at
from
    seat se1_0
where
    se1_0.concert_schedule_id=?
```

### 개선 사항
- `seat` 테이블에 `concert_schedule_id` 컬럼 인덱스 추가
```sql
create index idx_seat_concert_schedule_id on seat (concert_schedule_id);
```

### 비교분석
**실행 계획**
```sql
explain select
    se1_0.id,
    se1_0.concert_schedule_id,
    se1_0.created_at,
    se1_0.number,
    se1_0.updated_at
from
    seat se1_0
where
    se1_0.concert_schedule_id='ID00000022'
```

**속도 측정**
```sql
explain analyze select
    se1_0.id,
    se1_0.concert_schedule_id,
    se1_0.created_at,
    se1_0.number,
    se1_0.updated_at
from
    seat se1_0
where
    se1_0.concert_schedule_id='ID00000022'
```

**To-Be**

|      항목       |      값      |
|:-------------:|:-----------:|
|      id       |      1      |
|  select_type  |   SIMPLE    |
|     table     |    se1_0    |
|  partitions   |    null     |
|     type      |     ALL     |
| possible_keys |    null     |
|      key      |    null     |
|    key_len    |    null     |
|      ref      |    null     |
|     rows      |   9712917   |
|   filtered    |     10      |
|     Extra     | Using where |

```
-> Filter: (se1_0.concert_schedule_id = 'ID00000022')  (cost=1.01e+6 rows=971292) (actual time=2.06..2527 rows=1 loops=1)
    -> Table scan on se1_0  (cost=1.01e+6 rows=9.71e+6) (actual time=2.01..2189 rows=10e+6 loops=1)
```

**As-Is**

|      항목       |              값               |
|:-------------:|:----------------------------:|
|      id       |              1               |
|  select_type  |            SIMPLE            |
|     table     |            se1_0             |
|  partitions   |             null             |
|     type      |             ref              |
| possible_keys | idx_seat_concert_schedule_id |
|      key      | idx_seat_concert_schedule_id |
|    key_len    |              54              |
|      ref      |            const             |
|     rows      |              1               |
|   filtered    |             100              |
|     Extra     |             null             |

```
-> Index lookup on se1_0 using idx_seat_concert_schedule_id (concert_schedule_id = 'ID00000022')  (cost=1.1 rows=1) (actual time=1.52..1.53 rows=1 loops=1)
```

### 결론
- 쿼리 실행 방식 변경: ALL -> ref 로 변경되어 전체 테이블 스캔 대신 인덱스를 활용한 조회가 이루어짐.
- 조회 성능 향상:
  - rows 값이 9,712,917 → 1 로 감소하여 불필요한 데이터 스캔을 대폭 줄임.
  - actual time이 2.06..2527ms → 1.52..1.53ms 로 크게 단축됨.


## 좌석 ID에 해당하는 예약조회 (존재 여부 판단 용도)

### 발생 쿼리
```sql
select
    re1_0.id
from
    reservation re1_0
where
    re1_0.seat_id=?
limit
    ?
```

### 개선 사항
- `reservation` 테이블에 `seat_id` 컬럼 유니크 제약조건(Secondary Index) 추가
```sql
alter table reservation
    add constraint reservation_unique_1
        unique (seat_id);
```

### 비교분석
**실행 계획**
```sql
explain select
    re1_0.id
from
    reservation re1_0
where
    re1_0.seat_id='ID00000499'
limit
    1
```

**속도 측정**
```sql
explain analyze select
    re1_0.id
from
    reservation re1_0
where
    re1_0.seat_id='ID00000499'
limit
    1
```

**To-Be**

| 항목            |      값      |
|:--------------|:-----------:|
| id            |      1      |
| select_type   |   SIMPLE    |
| table         |    re1_0    |
| partitions    |    null     |
| type          |     ALL     |
| possible_keys |    null     |
| key           |    null     |
| key_len       |    null     |
| ref           |    null     |
| rows          |   9955066   |
| filtered      |     10      |
| Extra         | Using where |

```
-> Limit: 1 row(s)  (cost=1.04e+6 rows=1) (actual time=5.62..5.62 rows=1 loops=1)
    -> Filter: (re1_0.seat_id = 'ID00000499')  (cost=1.04e+6 rows=995507) (actual time=5.61..5.61 rows=1 loops=1)
        -> Table scan on re1_0  (cost=1.04e+6 rows=9.96e+6) (actual time=5.4..5.43 rows=499 loops=1)
```

**As-Is**

|      항목       |         값          |
|:-------------:|:------------------:|
|      id       |         1          |
|  select_type  |       SIMPLE       |
|     table     |       re1_0        |
|  partitions   |        null        |
|     type      |       const        |
| possible_keys | reservation_unique |
|      key      | reservation_unique |
|    key_len    |         54         |
|      ref      |       const        |
|     rows      |         1          |
|   filtered    |        100         |
|     Extra     |    Using index     |

```
-> Limit: 1 row(s)  (cost=0..0 rows=1) (actual time=0.0416..0.0416 rows=1 loops=1)
    -> Rows fetched before execution  (cost=0..0 rows=1) (actual time=0..0 rows=1 loops=1)
```

### 결론
- 쿼리 실행 방식 변경: ALL -> const 로 변경되어 전체 테이블 스캔 없이 O(1) 수준의 조회가 가능해짐.
- 조회 성능 향상:
  - rows 값이 9,955,066 → 1 로 감소하여 불필요한 데이터 스캔을 제거
  - actual time 5.62ms → 0.0416ms 로 단축.

## 예약 상태에 해당하는 예약 목록 조회

### 발생 쿼리
```sql
select
    re1_0.id,
    re1_0.created_at,
    re1_0.pay_amount,
    re1_0.seat_id,
    re1_0.status,
    re1_0.updated_at,
    re1_0.user_id 
from
    reservation re1_0 
where
    re1_0.status=?
```

### 개선 사항
- `reservation` 테이블에 `status` 컬럼 인덱스 추가
```sql
create index idx_reservation_status on reservation (status);
```

### 비교분석
**실행 계획**
```sql
explain select
            re1_0.id,
            re1_0.created_at,
            re1_0.pay_amount,
            re1_0.seat_id,
            re1_0.status,
            re1_0.updated_at,
            re1_0.user_id
        from
            reservation re1_0
        where
            re1_0.status='PENDING';
```

**속도 측정**
```sql
explain analyze select
            re1_0.id,
            re1_0.created_at,
            re1_0.pay_amount,
            re1_0.seat_id,
            re1_0.status,
            re1_0.updated_at,
            re1_0.user_id
        from
            reservation re1_0
        where
            re1_0.status='PENDING';
```

**To-Be**

| 항목            |      값      |
|:--------------|:-----------:|
| id            |      1      |
| select_type   |   SIMPLE    |
| table         |    re1_0    |
| partitions    |    null     |
| type          |     ALL     |
| possible_keys |    null     |
| key           |    null     |
| key_len       |    null     |
| ref           |    null     |
| rows          |   9955066   |
| filtered      |     10      |
| Extra         | Using where |

```
-> Filter: (re1_0.`status` = 'PENDING')  (cost=1.04e+6 rows=995507) (actual time=1.25..3758 rows=3.33e+6 loops=1)
    -> Table scan on re1_0  (cost=1.04e+6 rows=9.96e+6) (actual time=1.13..3366 rows=10e+6 loops=1)
```

**As-Is**

|      항목       |           값            |
|:-------------:|:----------------------:|
|      id       |           1            |
|  select_type  |         SIMPLE         |
|     table     |         re1_0          |
|  partitions   |          null          |
|     type      |          ref           |
| possible_keys | idx_reservation_status |
|      key      | idx_reservation_status |
|    key_len    |          1022          |
|      ref      |         const          |
|     rows      |        4980196         |
|   filtered    |          100           |
|     Extra     |          null          |

```
-> Index lookup on re1_0 using idx_reservation_status (status = 'PENDING')  (cost=643361 rows=4.98e+6) (actual time=24.4..8041 rows=3.33e+6 loops=1)
```

### 결론
- `status` 컬럼 인덱스 추가로 인하여 인덱스를 통해 조회가 수행되었으나, 해당 컬럼의 카디널리티는 매우 낮기 때문에 테스트 환경에서 유의미한 성능 차이는 느껴지지 않았음.
- 좀 더 조회 성능을 향상시키려면, `select` 절의 컬럼 또한 인덱스로 추가하여 커버링 인덱스를 적용한다면 유의미한 차이를 낼 수 있을 것으로 보임.


## 날짜와 상태에 해당하는 예약 목록 조회

### 발생 쿼리
```sql
select
    re1_0.id,
    re1_0.created_at,
    re1_0.pay_amount,
    re1_0.seat_id,
    re1_0.status,
    re1_0.updated_at,
    re1_0.user_id 
from
    reservation re1_0 
where
    re1_0.status=? 
    and re1_0.created_at between ? and ?
```

### 개선 사항
```sql
create index idx_reservation_status_created_at on reservation (status, created_at);
```

### 비교분석
**실행 계획**
```sql
explain select
    re1_0.id,
    re1_0.pay_amount,
    re1_0.seat_id,
    re1_0.status,
    re1_0.created_at,
    re1_0.updated_at,
    re1_0.user_id
from
    reservation re1_0
where
    re1_0.status='PENDING'
  and re1_0.created_at between '2024-12-31 00:00:00.000000' and '2024-12-31 23:59:59.999999';
```

**속도 측정**
```sql
explain analyze select
    re1_0.id,
    re1_0.pay_amount,
    re1_0.seat_id,
    re1_0.status,
    re1_0.created_at,
    re1_0.updated_at,
    re1_0.user_id
from
    reservation re1_0
where
    re1_0.status='PENDING'
  and re1_0.created_at between '2024-12-31 00:00:00.000000' and '2024-12-31 23:59:59.999999';
```

**To-Be**

| 항목            |      값      |
|:--------------|:-----------:|
| id            |      1      |
| select_type   |   SIMPLE    |
| table         |    re1_0    |
| partitions    |    null     |
| type          |     ALL     |
| possible_keys |    null     |
| key           |    null     |
| key_len       |    null     |
| ref           |    null     |
| rows          |   9955066   |
| filtered      |    1.11     |
| Extra         | Using where |

```
-> Filter: ((re1_0.`status` = 'PENDING') and (re1_0.created_at between '2024-12-31 00:00:00.000000' and '2024-12-31 23:59:59.999999'))  (cost=1.04e+6 rows=110601) (actual time=8.8..4685 rows=9252 loops=1)
    -> Table scan on re1_0  (cost=1.04e+6 rows=9.96e+6) (actual time=0.6..3391 rows=10e+6 loops=1)
```

**As-Is**

|      항목       |                 값                 |
|:-------------:|:---------------------------------:|
|      id       |                 1                 |
|  select_type  |              SIMPLE               |
|     table     |               re1_0               |
|  partitions   |               null                |
|     type      |               range               |
| possible_keys | idx_reservation_status_created_at |
|      key      | idx_reservation_status_created_at |
|    key_len    |               1029                |
|      ref      |               null                |
|     rows      |               17370               |
|   filtered    |                100                |
|     Extra     |       Using index condition       |

```
-> Index range scan on re1_0 using idx_reservation_status_created_at over (status = 'PENDING' AND '2024-12-31 00:00:00.000000' <= created_at <= '2024-12-31 23:59:59.999999'), with index condition: ((re1_0.`status` = 'PENDING') and (re1_0.created_at between '2024-12-31 00:00:00.000000' and '2024-12-31 23:59:59.999999'))  (cost=20845 rows=17370) (actual time=18.8..282 rows=9230 loops=1)
```

### 결론
- Full Table Scan을 방지하고, Index Range Scan을 활용하여 성능을 대폭 개선함.
- 필터링을 인덱스에서 수행하여 불필요한 데이터 조회를 최소화함.
- 4685ms → 282ms로 쿼리 수행시간 단축.
